nohup: ignoring input
mysqldump: [Warning] Using a password on the command line interface can be insecure.
mysqldump: [Warning] Using a password on the command line interface can be insecure.
mysqldump: [Warning] Using a password on the command line interface can be insecure.
mysqldump: [Warning] Using a password on the command line interface can be insecure.
mysqldump: [Warning] Using a password on the command line interface can be insecure.
mysqldump: [Warning] Using a password on the command line interface can be insecure.
mysqldump: [Warning] Using a password on the command line interface can be insecure.
mysqldump: [Warning] Using a password on the command line interface can be insecure.
mysqldump: [Warning] Using a password on the command line interface can be insecure.
mysqldump: [Warning] Using a password on the command line interface can be insecure.
mysqldump: [Warning] Using a password on the command line interface can be insecure.
mysqldump: [Warning] Using a password on the command line interface can be insecure.
mysqldump: [Warning] Using a password on the command line interface can be insecure.
mysqldump: [Warning] Using a password on the command line interface can be insecure.
mysqldump: [Warning] Using a password on the command line interface can be insecure.
mysqldump: [Warning] Using a password on the command line interface can be insecure.
mysqldump: [Warning] Using a password on the command line interface can be insecure.
mysqldump: [Warning] Using a password on the command line interface can be insecure.
mysqldump: [Warning] Using a password on the command line interface can be insecure.
mysqldump: [Warning] Using a password on the command line interface can be insecure.
mysqldump: [Warning] Using a password on the command line interface can be insecure.
mysqldump: [Warning] Using a password on the command line interface can be insecure.
mysqldump: [Warning] Using a password on the command line interface can be insecure.
mysqldump: [Warning] Using a password on the command line interface can be insecure.
mysqldump: [Warning] Using a password on the command line interface can be insecure.
mysqldump: [Warning] Using a password on the command line interface can be insecure.
mysqldump: [Warning] Using a password on the command line interface can be insecure.
mysqldump: [Warning] Using a password on the command line interface can be insecure.
mysqldump: [Warning] Using a password on the command line interface can be insecure.
mysqldump: [Warning] Using a password on the command line interface can be insecure.
mysqldump: [Warning] Using a password on the command line interface can be insecure.
mysqldump: [Warning] Using a password on the command line interface can be insecure.
mysqldump: [Warning] Using a password on the command line interface can be insecure.
mysqldump: [Warning] Using a password on the command line interface can be insecure.
mysqldump: [Warning] Using a password on the command line interface can be insecure.
mysqldump: [Warning] Using a password on the command line interface can be insecure.
mysqldump: [Warning] Using a password on the command line interface can be insecure.
mysqldump: [Warning] Using a password on the command line interface can be insecure.
mysqldump: [Warning] Using a password on the command line interface can be insecure.
mysqldump: [Warning] Using a password on the command line interface can be insecure.
mysqldump: [Warning] Using a password on the command line interface can be insecure.
mysqldump: [Warning] Using a password on the command line interface can be insecure.
mysqldump: [Warning] Using a password on the command line interface can be insecure.
mysqldump: [Warning] Using a password on the command line interface can be insecure.
mysqldump: [Warning] Using a password on the command line interface can be insecure.
mysqldump: [Warning] Using a password on the command line interface can be insecure.
Database backup successful! File saved to databaseBackup/2025-06-21/BoseEcom_backup_2025-06-21.sql
Backup ZIP file created: databaseBackup/2025-06-21/BoseEcom_backup_2025-06-21.zip
Database backup successful! File saved to databaseBackup/2025-06-22/BoseEcom_backup_2025-06-22.sql
Backup ZIP file created: databaseBackup/2025-06-22/BoseEcom_backup_2025-06-22.zip
Database backup successful! File saved to databaseBackup/2025-06-23/BoseEcom_backup_2025-06-23.sql
Backup ZIP file created: databaseBackup/2025-06-23/BoseEcom_backup_2025-06-23.zip
Database backup successful! File saved to databaseBackup/2025-06-24/BoseEcom_backup_2025-06-24.sql
Backup ZIP file created: databaseBackup/2025-06-24/BoseEcom_backup_2025-06-24.zip
Database backup successful! File saved to databaseBackup/2025-06-25/BoseEcom_backup_2025-06-25.sql
Backup ZIP file created: databaseBackup/2025-06-25/BoseEcom_backup_2025-06-25.zip
Database backup successful! File saved to databaseBackup/2025-06-26/BoseEcom_backup_2025-06-26.sql
Backup ZIP file created: databaseBackup/2025-06-26/BoseEcom_backup_2025-06-26.zip
Database backup successful! File saved to databaseBackup/2025-06-27/BoseEcom_backup_2025-06-27.sql
Backup ZIP file created: databaseBackup/2025-06-27/BoseEcom_backup_2025-06-27.zip
Database backup successful! File saved to databaseBackup/2025-06-28/BoseEcom_backup_2025-06-28.sql
Backup ZIP file created: databaseBackup/2025-06-28/BoseEcom_backup_2025-06-28.zip
Database backup successful! File saved to databaseBackup/2025-06-29/BoseEcom_backup_2025-06-29.sql
Backup ZIP file created: databaseBackup/2025-06-29/BoseEcom_backup_2025-06-29.zip
Database backup successful! File saved to databaseBackup/2025-06-30/BoseEcom_backup_2025-06-30.sql
Backup ZIP file created: databaseBackup/2025-06-30/BoseEcom_backup_2025-06-30.zip
Database backup successful! File saved to databaseBackup/2025-07-01/BoseEcom_backup_2025-07-01.sql
Backup ZIP file created: databaseBackup/2025-07-01/BoseEcom_backup_2025-07-01.zip
Database backup successful! File saved to databaseBackup/2025-07-02/BoseEcom_backup_2025-07-02.sql
Backup ZIP file created: databaseBackup/2025-07-02/BoseEcom_backup_2025-07-02.zip
Database backup successful! File saved to databaseBackup/2025-07-03/BoseEcom_backup_2025-07-03.sql
Backup ZIP file created: databaseBackup/2025-07-03/BoseEcom_backup_2025-07-03.zip
Database backup successful! File saved to databaseBackup/2025-07-04/BoseEcom_backup_2025-07-04.sql
Backup ZIP file created: databaseBackup/2025-07-04/BoseEcom_backup_2025-07-04.zip
Database backup successful! File saved to databaseBackup/2025-07-05/BoseEcom_backup_2025-07-05.sql
Backup ZIP file created: databaseBackup/2025-07-05/BoseEcom_backup_2025-07-05.zip
Database backup successful! File saved to databaseBackup/2025-07-06/BoseEcom_backup_2025-07-06.sql
Backup ZIP file created: databaseBackup/2025-07-06/BoseEcom_backup_2025-07-06.zip
Database backup successful! File saved to databaseBackup/2025-07-07/BoseEcom_backup_2025-07-07.sql
Backup ZIP file created: databaseBackup/2025-07-07/BoseEcom_backup_2025-07-07.zip
Database backup successful! File saved to databaseBackup/2025-07-08/BoseEcom_backup_2025-07-08.sql
Backup ZIP file created: databaseBackup/2025-07-08/BoseEcom_backup_2025-07-08.zip
Database backup successful! File saved to databaseBackup/2025-07-09/BoseEcom_backup_2025-07-09.sql
Backup ZIP file created: databaseBackup/2025-07-09/BoseEcom_backup_2025-07-09.zip
Database backup successful! File saved to databaseBackup/2025-07-10/BoseEcom_backup_2025-07-10.sql
Backup ZIP file created: databaseBackup/2025-07-10/BoseEcom_backup_2025-07-10.zip
Database backup successful! File saved to databaseBackup/2025-07-11/BoseEcom_backup_2025-07-11.sql
Backup ZIP file created: databaseBackup/2025-07-11/BoseEcom_backup_2025-07-11.zip
Database backup successful! File saved to databaseBackup/2025-07-12/BoseEcom_backup_2025-07-12.sql
Backup ZIP file created: databaseBackup/2025-07-12/BoseEcom_backup_2025-07-12.zip
Database backup successful! File saved to databaseBackup/2025-07-13/BoseEcom_backup_2025-07-13.sql
Backup ZIP file created: databaseBackup/2025-07-13/BoseEcom_backup_2025-07-13.zip
Database backup successful! File saved to databaseBackup/2025-07-14/BoseEcom_backup_2025-07-14.sql
Backup ZIP file created: databaseBackup/2025-07-14/BoseEcom_backup_2025-07-14.zip
Database backup successful! File saved to databaseBackup/2025-07-15/BoseEcom_backup_2025-07-15.sql
Backup ZIP file created: databaseBackup/2025-07-15/BoseEcom_backup_2025-07-15.zip
Database backup successful! File saved to databaseBackup/2025-07-16/BoseEcom_backup_2025-07-16.sql
Backup ZIP file created: databaseBackup/2025-07-16/BoseEcom_backup_2025-07-16.zip
Database backup successful! File saved to databaseBackup/2025-07-17/BoseEcom_backup_2025-07-17.sql
Backup ZIP file created: databaseBackup/2025-07-17/BoseEcom_backup_2025-07-17.zip
Database backup successful! File saved to databaseBackup/2025-07-18/BoseEcom_backup_2025-07-18.sql
Backup ZIP file created: databaseBackup/2025-07-18/BoseEcom_backup_2025-07-18.zip
Database backup successful! File saved to databaseBackup/2025-07-19/BoseEcom_backup_2025-07-19.sql
Backup ZIP file created: databaseBackup/2025-07-19/BoseEcom_backup_2025-07-19.zip
Database backup successful! File saved to databaseBackup/2025-07-20/BoseEcom_backup_2025-07-20.sql
Backup ZIP file created: databaseBackup/2025-07-20/BoseEcom_backup_2025-07-20.zip
Database backup successful! File saved to databaseBackup/2025-07-21/BoseEcom_backup_2025-07-21.sql
Backup ZIP file created: databaseBackup/2025-07-21/BoseEcom_backup_2025-07-21.zip
Database backup successful! File saved to databaseBackup/2025-07-22/BoseEcom_backup_2025-07-22.sql
Backup ZIP file created: databaseBackup/2025-07-22/BoseEcom_backup_2025-07-22.zip
Database backup successful! File saved to databaseBackup/2025-07-23/BoseEcom_backup_2025-07-23.sql
Backup ZIP file created: databaseBackup/2025-07-23/BoseEcom_backup_2025-07-23.zip
Database backup successful! File saved to databaseBackup/2025-07-24/BoseEcom_backup_2025-07-24.sql
Backup ZIP file created: databaseBackup/2025-07-24/BoseEcom_backup_2025-07-24.zip
Database backup successful! File saved to databaseBackup/2025-07-25/BoseEcom_backup_2025-07-25.sql
Backup ZIP file created: databaseBackup/2025-07-25/BoseEcom_backup_2025-07-25.zip
Database backup successful! File saved to databaseBackup/2025-07-26/BoseEcom_backup_2025-07-26.sql
Backup ZIP file created: databaseBackup/2025-07-26/BoseEcom_backup_2025-07-26.zip
Database backup successful! File saved to databaseBackup/2025-07-27/BoseEcom_backup_2025-07-27.sql
Backup ZIP file created: databaseBackup/2025-07-27/BoseEcom_backup_2025-07-27.zip
Database backup successful! File saved to databaseBackup/2025-07-28/BoseEcom_backup_2025-07-28.sql
Backup ZIP file created: databaseBackup/2025-07-28/BoseEcom_backup_2025-07-28.zip
Database backup successful! File saved to databaseBackup/2025-07-29/BoseEcom_backup_2025-07-29.sql
Backup ZIP file created: databaseBackup/2025-07-29/BoseEcom_backup_2025-07-29.zip
Database backup successful! File saved to databaseBackup/2025-07-30/BoseEcom_backup_2025-07-30.sql
Backup ZIP file created: databaseBackup/2025-07-30/BoseEcom_backup_2025-07-30.zip
Database backup successful! File saved to databaseBackup/2025-07-31/BoseEcom_backup_2025-07-31.sql
Backup ZIP file created: databaseBackup/2025-07-31/BoseEcom_backup_2025-07-31.zip
Database backup successful! File saved to databaseBackup/2025-08-01/BoseEcom_backup_2025-08-01.sql
Backup ZIP file created: databaseBackup/2025-08-01/BoseEcom_backup_2025-08-01.zip
Database backup successful! File saved to databaseBackup/2025-08-02/BoseEcom_backup_2025-08-02.sql
Backup ZIP file created: databaseBackup/2025-08-02/BoseEcom_backup_2025-08-02.zip
Database backup successful! File saved to databaseBackup/2025-08-03/BoseEcom_backup_2025-08-03.sql
Backup ZIP file created: databaseBackup/2025-08-03/BoseEcom_backup_2025-08-03.zip
Database backup successful! File saved to databaseBackup/2025-08-04/BoseEcom_backup_2025-08-04.sql
Backup ZIP file created: databaseBackup/2025-08-04/BoseEcom_backup_2025-08-04.zip
mysqldump: [Warning] Using a password on the command line interface can be insecure.
mysqldump: [Warning] Using a password on the command line interface can be insecure.
mysqldump: [Warning] Using a password on the command line interface can be insecure.
mysqldump: [Warning] Using a password on the command line interface can be insecure.
mysqldump: [Warning] Using a password on the command line interface can be insecure.
mysqldump: [Warning] Using a password on the command line interface can be insecure.
mysqldump: [Warning] Using a password on the command line interface can be insecure.
mysqldump: [Warning] Using a password on the command line interface can be insecure.
mysqldump: [Warning] Using a password on the command line interface can be insecure.
mysqldump: [Warning] Using a password on the command line interface can be insecure.
mysqldump: [Warning] Using a password on the command line interface can be insecure.
mysqldump: [Warning] Using a password on the command line interface can be insecure.
mysqldump: [Warning] Using a password on the command line interface can be insecure.
mysqldump: [Warning] Using a password on the command line interface can be insecure.
mysqldump: [Warning] Using a password on the command line interface can be insecure.
mysqldump: [Warning] Using a password on the command line interface can be insecure.
mysqldump: [Warning] Using a password on the command line interface can be insecure.
mysqldump: [Warning] Using a password on the command line interface can be insecure.
mysqldump: [Warning] Using a password on the command line interface can be insecure.
mysqldump: [Warning] Using a password on the command line interface can be insecure.
mysqldump: [Warning] Using a password on the command line interface can be insecure.
mysqldump: [Warning] Using a password on the command line interface can be insecure.
mysqldump: [Warning] Using a password on the command line interface can be insecure.
mysqldump: [Warning] Using a password on the command line interface can be insecure.
mysqldump: [Warning] Using a password on the command line interface can be insecure.
mysqldump: [Warning] Using a password on the command line interface can be insecure.
mysqldump: [Warning] Using a password on the command line interface can be insecure.
mysqldump: [Warning] Using a password on the command line interface can be insecure.
mysqldump: [Warning] Using a password on the command line interface can be insecure.
mysqldump: [Warning] Using a password on the command line interface can be insecure.
mysqldump: [Warning] Using a password on the command line interface can be insecure.
mysqldump: [Warning] Using a password on the command line interface can be insecure.
mysqldump: [Warning] Using a password on the command line interface can be insecure.
mysqldump: [Warning] Using a password on the command line interface can be insecure.
mysqldump: [Warning] Using a password on the command line interface can be insecure.
mysqldump: [Warning] Using a password on the command line interface can be insecure.
mysqldump: [Warning] Using a password on the command line interface can be insecure.
mysqldump: [Warning] Using a password on the command line interface can be insecure.
mysqldump: [Warning] Using a password on the command line interface can be insecure.
mysqldump: [Warning] Using a password on the command line interface can be insecure.
mysqldump: [Warning] Using a password on the command line interface can be insecure.
mysqldump: [Warning] Using a password on the command line interface can be insecure.
mysqldump: [Warning] Using a password on the command line interface can be insecure.
mysqldump: [Warning] Using a password on the command line interface can be insecure.
mysqldump: [Warning] Using a password on the command line interface can be insecure.
Database backup successful! File saved to databaseBackup/2025-08-05/BoseEcom_backup_2025-08-05.sql
Backup ZIP file created: databaseBackup/2025-08-05/BoseEcom_backup_2025-08-05.zip
Database backup successful! File saved to databaseBackup/2025-08-06/BoseEcom_backup_2025-08-06.sql
Backup ZIP file created: databaseBackup/2025-08-06/BoseEcom_backup_2025-08-06.zip
Database backup successful! File saved to databaseBackup/2025-08-07/BoseEcom_backup_2025-08-07.sql
Backup ZIP file created: databaseBackup/2025-08-07/BoseEcom_backup_2025-08-07.zip
Database backup successful! File saved to databaseBackup/2025-08-08/BoseEcom_backup_2025-08-08.sql
Backup ZIP file created: databaseBackup/2025-08-08/BoseEcom_backup_2025-08-08.zip
Database backup successful! File saved to databaseBackup/2025-08-09/BoseEcom_backup_2025-08-09.sql
Backup ZIP file created: databaseBackup/2025-08-09/BoseEcom_backup_2025-08-09.zip
Database backup successful! File saved to databaseBackup/2025-08-10/BoseEcom_backup_2025-08-10.sql
Backup ZIP file created: databaseBackup/2025-08-10/BoseEcom_backup_2025-08-10.zip
Database backup successful! File saved to databaseBackup/2025-08-11/BoseEcom_backup_2025-08-11.sql
Backup ZIP file created: databaseBackup/2025-08-11/BoseEcom_backup_2025-08-11.zip
Database backup successful! File saved to databaseBackup/2025-08-12/BoseEcom_backup_2025-08-12.sql
Backup ZIP file created: databaseBackup/2025-08-12/BoseEcom_backup_2025-08-12.zip
Database backup successful! File saved to databaseBackup/2025-08-13/BoseEcom_backup_2025-08-13.sql
Backup ZIP file created: databaseBackup/2025-08-13/BoseEcom_backup_2025-08-13.zip
Database backup successful! File saved to databaseBackup/2025-08-14/BoseEcom_backup_2025-08-14.sql
Backup ZIP file created: databaseBackup/2025-08-14/BoseEcom_backup_2025-08-14.zip
Database backup successful! File saved to databaseBackup/2025-08-15/BoseEcom_backup_2025-08-15.sql
Backup ZIP file created: databaseBackup/2025-08-15/BoseEcom_backup_2025-08-15.zip
Database backup successful! File saved to databaseBackup/2025-08-16/BoseEcom_backup_2025-08-16.sql
Backup ZIP file created: databaseBackup/2025-08-16/BoseEcom_backup_2025-08-16.zip
Database backup successful! File saved to databaseBackup/2025-08-17/BoseEcom_backup_2025-08-17.sql
Backup ZIP file created: databaseBackup/2025-08-17/BoseEcom_backup_2025-08-17.zip
Database backup successful! File saved to databaseBackup/2025-08-18/BoseEcom_backup_2025-08-18.sql
Backup ZIP file created: databaseBackup/2025-08-18/BoseEcom_backup_2025-08-18.zip
Database backup successful! File saved to databaseBackup/2025-08-19/BoseEcom_backup_2025-08-19.sql
Backup ZIP file created: databaseBackup/2025-08-19/BoseEcom_backup_2025-08-19.zip
Database backup successful! File saved to databaseBackup/2025-08-20/BoseEcom_backup_2025-08-20.sql
Backup ZIP file created: databaseBackup/2025-08-20/BoseEcom_backup_2025-08-20.zip
Database backup successful! File saved to databaseBackup/2025-08-21/BoseEcom_backup_2025-08-21.sql
Backup ZIP file created: databaseBackup/2025-08-21/BoseEcom_backup_2025-08-21.zip
Database backup successful! File saved to databaseBackup/2025-08-22/BoseEcom_backup_2025-08-22.sql
Backup ZIP file created: databaseBackup/2025-08-22/BoseEcom_backup_2025-08-22.zip
Database backup successful! File saved to databaseBackup/2025-08-23/BoseEcom_backup_2025-08-23.sql
Backup ZIP file created: databaseBackup/2025-08-23/BoseEcom_backup_2025-08-23.zip
Database backup successful! File saved to databaseBackup/2025-08-24/BoseEcom_backup_2025-08-24.sql
Backup ZIP file created: databaseBackup/2025-08-24/BoseEcom_backup_2025-08-24.zip
Database backup successful! File saved to databaseBackup/2025-08-25/BoseEcom_backup_2025-08-25.sql
Backup ZIP file created: databaseBackup/2025-08-25/BoseEcom_backup_2025-08-25.zip
Database backup successful! File saved to databaseBackup/2025-08-26/BoseEcom_backup_2025-08-26.sql
Backup ZIP file created: databaseBackup/2025-08-26/BoseEcom_backup_2025-08-26.zip
Database backup successful! File saved to databaseBackup/2025-08-27/BoseEcom_backup_2025-08-27.sql
Backup ZIP file created: databaseBackup/2025-08-27/BoseEcom_backup_2025-08-27.zip
Database backup successful! File saved to databaseBackup/2025-08-28/BoseEcom_backup_2025-08-28.sql
Backup ZIP file created: databaseBackup/2025-08-28/BoseEcom_backup_2025-08-28.zip
Database backup successful! File saved to databaseBackup/2025-08-29/BoseEcom_backup_2025-08-29.sql
Backup ZIP file created: databaseBackup/2025-08-29/BoseEcom_backup_2025-08-29.zip
Database backup successful! File saved to databaseBackup/2025-08-30/BoseEcom_backup_2025-08-30.sql
Backup ZIP file created: databaseBackup/2025-08-30/BoseEcom_backup_2025-08-30.zip
Database backup successful! File saved to databaseBackup/2025-08-31/BoseEcom_backup_2025-08-31.sql
Backup ZIP file created: databaseBackup/2025-08-31/BoseEcom_backup_2025-08-31.zip
Database backup successful! File saved to databaseBackup/2025-09-01/BoseEcom_backup_2025-09-01.sql
Backup ZIP file created: databaseBackup/2025-09-01/BoseEcom_backup_2025-09-01.zip
Database backup successful! File saved to databaseBackup/2025-09-02/BoseEcom_backup_2025-09-02.sql
Backup ZIP file created: databaseBackup/2025-09-02/BoseEcom_backup_2025-09-02.zip
Database backup successful! File saved to databaseBackup/2025-09-03/BoseEcom_backup_2025-09-03.sql
Backup ZIP file created: databaseBackup/2025-09-03/BoseEcom_backup_2025-09-03.zip
Database backup successful! File saved to databaseBackup/2025-09-04/BoseEcom_backup_2025-09-04.sql
Backup ZIP file created: databaseBackup/2025-09-04/BoseEcom_backup_2025-09-04.zip
Database backup successful! File saved to databaseBackup/2025-09-05/BoseEcom_backup_2025-09-05.sql
Backup ZIP file created: databaseBackup/2025-09-05/BoseEcom_backup_2025-09-05.zip
Database backup successful! File saved to databaseBackup/2025-09-06/BoseEcom_backup_2025-09-06.sql
Backup ZIP file created: databaseBackup/2025-09-06/BoseEcom_backup_2025-09-06.zip
Database backup successful! File saved to databaseBackup/2025-09-07/BoseEcom_backup_2025-09-07.sql
Backup ZIP file created: databaseBackup/2025-09-07/BoseEcom_backup_2025-09-07.zip
Database backup successful! File saved to databaseBackup/2025-09-08/BoseEcom_backup_2025-09-08.sql
Backup ZIP file created: databaseBackup/2025-09-08/BoseEcom_backup_2025-09-08.zip
Database backup successful! File saved to databaseBackup/2025-09-09/BoseEcom_backup_2025-09-09.sql
Backup ZIP file created: databaseBackup/2025-09-09/BoseEcom_backup_2025-09-09.zip
Database backup successful! File saved to databaseBackup/2025-09-10/BoseEcom_backup_2025-09-10.sql
Backup ZIP file created: databaseBackup/2025-09-10/BoseEcom_backup_2025-09-10.zip
Database backup successful! File saved to databaseBackup/2025-09-11/BoseEcom_backup_2025-09-11.sql
Backup ZIP file created: databaseBackup/2025-09-11/BoseEcom_backup_2025-09-11.zip
Database backup successful! File saved to databaseBackup/2025-09-12/BoseEcom_backup_2025-09-12.sql
Backup ZIP file created: databaseBackup/2025-09-12/BoseEcom_backup_2025-09-12.zip
Database backup successful! File saved to databaseBackup/2025-09-13/BoseEcom_backup_2025-09-13.sql
Backup ZIP file created: databaseBackup/2025-09-13/BoseEcom_backup_2025-09-13.zip
Database backup successful! File saved to databaseBackup/2025-09-14/BoseEcom_backup_2025-09-14.sql
Backup ZIP file created: databaseBackup/2025-09-14/BoseEcom_backup_2025-09-14.zip
Database backup successful! File saved to databaseBackup/2025-09-15/BoseEcom_backup_2025-09-15.sql
Backup ZIP file created: databaseBackup/2025-09-15/BoseEcom_backup_2025-09-15.zip
Database backup successful! File saved to databaseBackup/2025-09-16/BoseEcom_backup_2025-09-16.sql
Backup ZIP file created: databaseBackup/2025-09-16/BoseEcom_backup_2025-09-16.zip
Database backup successful! File saved to databaseBackup/2025-09-17/BoseEcom_backup_2025-09-17.sql
Backup ZIP file created: databaseBackup/2025-09-17/BoseEcom_backup_2025-09-17.zip
Database backup successful! File saved to databaseBackup/2025-09-18/BoseEcom_backup_2025-09-18.sql
Backup ZIP file created: databaseBackup/2025-09-18/BoseEcom_backup_2025-09-18.zip
mysqldump: [Warning] Using a password on the command line interface can be insecure.
mysqldump: [Warning] Using a password on the command line interface can be insecure.
mysqldump: [Warning] Using a password on the command line interface can be insecure.
mysqldump: [Warning] Using a password on the command line interface can be insecure.
mysqldump: [Warning] Using a password on the command line interface can be insecure.
mysqldump: [Warning] Using a password on the command line interface can be insecure.
mysqldump: [Warning] Using a password on the command line interface can be insecure.
mysqldump: [Warning] Using a password on the command line interface can be insecure.
mysqldump: [Warning] Using a password on the command line interface can be insecure.
mysqldump: [Warning] Using a password on the command line interface can be insecure.
mysqldump: [Warning] Using a password on the command line interface can be insecure.
mysqldump: [Warning] Using a password on the command line interface can be insecure.
mysqldump: [Warning] Using a password on the command line interface can be insecure.
mysqldump: [Warning] Using a password on the command line interface can be insecure.
mysqldump: [Warning] Using a password on the command line interface can be insecure.
mysqldump: [Warning] Using a password on the command line interface can be insecure.
mysqldump: [Warning] Using a password on the command line interface can be insecure.
mysqldump: Got error: 1045: Access denied for user 'BoseEcom'@'localhost' (using password: YES) when trying to connect
mysqldump: [Warning] Using a password on the command line interface can be insecure.
mysqldump: Got error: 1045: Access denied for user 'BoseEcom'@'localhost' (using password: YES) when trying to connect
mysqldump: [Warning] Using a password on the command line interface can be insecure.
mysqldump: Got error: 1045: Access denied for user 'BoseEcom'@'localhost' (using password: YES) when trying to connect
